2017-10-18 10:35:22,198:
  Base_norm
2017-10-18 10:35:22,214:
  Base_norm
2017-10-18 10:35:45,937:
  Base_norm
2017-10-18 10:35:45,952:
  Base_norm
2017-10-18 10:36:02,612:
  Base_norm
2017-10-18 10:36:02,627:
  Base_norm
2017-10-18 10:36:10,544:
  Base_norm
2017-10-18 10:36:10,560:
  Base_norm
2017-10-18 10:36:23,420:
  Base_norm
2017-10-18 10:36:23,438:
  Base_norm
2017-10-18 10:37:26,428:
  Base_norm
2017-10-18 10:37:26,463:
  Base_norm
2017-10-18 10:37:26,475:
  building Inception_v3...
2017-10-18 10:37:27,249:
  Done.
2017-10-18 10:37:27,249:
  building Attention_Decoder...
2017-10-18 10:39:51,049:
  Base_norm
2017-10-18 10:39:51,064:
  Base_norm
2017-10-18 10:39:51,070:
  building Inception_v3...
2017-10-18 10:39:51,817:
  Done.
2017-10-18 10:39:51,817:
  building Attention_Decoder...
2017-10-18 10:39:52,071:
  Done
2017-10-18 10:43:42,793:
  Base_norm
2017-10-18 10:43:42,809:
  Base_norm
2017-10-18 10:43:42,815:
  building Inception_v3...
2017-10-18 10:43:43,559:
  Done.
2017-10-18 10:43:43,559:
  building Attention_Decoder...
2017-10-18 10:43:43,709:
  Done
2017-10-18 10:44:51,117:
  Base_norm
2017-10-18 10:44:51,132:
  Base_norm
2017-10-18 10:44:51,138:
  building Inception_v3...
2017-10-18 10:44:51,884:
  Done.
2017-10-18 10:44:51,885:
  building Attention_Decoder...
2017-10-18 10:44:52,024:
  Done
2017-10-18 10:44:52,268:
  building Inception_v3...
2017-10-18 10:44:52,568:
  Done.
2017-10-18 10:44:52,568:
  building Attention_Decoder...
2017-10-18 10:44:52,590:
  Done
2017-10-18 10:45:43,190:
  Base_norm
2017-10-18 10:45:43,205:
  Base_norm
2017-10-18 10:45:43,211:
  building Inception_v3...
2017-10-18 10:45:43,949:
  Done.
2017-10-18 10:45:43,949:
  building Attention_Decoder...
2017-10-18 10:45:44,099:
  Done
2017-10-18 10:45:44,354:
  building Inception_v3...
2017-10-18 10:45:44,716:
  Done.
2017-10-18 10:45:44,717:
  building Attention_Decoder...
2017-10-18 10:45:44,738:
  Done
2017-10-18 10:49:12,007:
  Base_norm
2017-10-18 10:49:12,023:
  Base_norm
2017-10-18 10:49:12,028:
  building Inception_v3...
2017-10-18 10:49:12,779:
  Done.
2017-10-18 10:49:12,779:
  building Attention_Decoder...
2017-10-18 10:49:12,922:
  Done
2017-10-18 10:49:13,157:
  building Inception_v3...
2017-10-18 10:49:13,465:
  Done.
2017-10-18 10:49:13,465:
  building Attention_Decoder...
2017-10-18 10:49:13,487:
  Done
2017-10-18 10:51:21,223:
  Base_norm
2017-10-18 10:51:21,239:
  Base_norm
2017-10-18 10:51:21,246:
  building Inception_v3...
2017-10-18 10:51:21,990:
  Done.
2017-10-18 10:51:21,990:
  building Attention_Decoder...
2017-10-18 10:51:22,127:
  Done
2017-10-18 10:51:22,363:
  building Inception_v3...
2017-10-18 10:51:22,683:
  Done.
2017-10-18 10:51:22,683:
  building Attention_Decoder...
2017-10-18 10:51:22,706:
  Done
2017-10-18 10:53:35,421:
  Base_norm
2017-10-18 10:53:35,438:
  Base_norm
2017-10-18 10:53:35,450:
  building Inception_v3...
2017-10-18 10:53:36,288:
  Done.
2017-10-18 10:53:36,289:
  building Attention_Decoder...
2017-10-18 10:53:36,431:
  Done
2017-10-18 10:53:36,670:
  building Inception_v3...
2017-10-18 10:53:36,973:
  Done.
2017-10-18 10:53:36,973:
  building Attention_Decoder...
2017-10-18 10:53:36,996:
  Done
2017-10-18 10:54:09,518:
  Base_norm
2017-10-18 10:54:09,534:
  Base_norm
2017-10-18 10:54:09,539:
  building Inception_v3...
2017-10-18 10:54:10,279:
  Done.
2017-10-18 10:54:10,279:
  building Attention_Decoder...
2017-10-18 10:54:10,430:
  Done
2017-10-18 10:54:10,656:
  building Inception_v3...
2017-10-18 10:54:10,948:
  Done.
2017-10-18 10:54:10,948:
  building Attention_Decoder...
2017-10-18 10:54:10,969:
  Done
2017-10-18 10:56:04,495:
  Base_norm
2017-10-18 10:56:04,510:
  Base_norm
2017-10-18 10:56:04,516:
  building Inception_v3...
2017-10-18 10:56:05,227:
  Done.
2017-10-18 10:56:05,227:
  building Attention_Decoder...
2017-10-18 10:56:05,362:
  Done
2017-10-18 10:56:05,606:
  building Inception_v3...
2017-10-18 10:56:05,915:
  Done.
2017-10-18 10:56:05,915:
  building Attention_Decoder...
2017-10-18 10:56:05,936:
  Done
2017-10-18 10:56:56,887:
  Base_norm
2017-10-18 10:56:56,903:
  Base_norm
2017-10-18 10:56:56,909:
  building Inception_v3...
2017-10-18 10:56:57,650:
  Done.
2017-10-18 10:56:57,650:
  building Attention_Decoder...
2017-10-18 10:56:57,787:
  Done
2017-10-18 10:56:58,015:
  building Inception_v3...
2017-10-18 10:56:58,314:
  Done.
2017-10-18 10:56:58,314:
  building Attention_Decoder...
2017-10-18 10:56:58,337:
  Done
2017-10-18 10:58:35,003:
  Base_norm
2017-10-18 10:58:35,019:
  Base_norm
2017-10-18 10:58:35,025:
  building Inception_v3...
2017-10-18 10:58:35,807:
  Done.
2017-10-18 10:58:35,807:
  building Attention_Decoder...
2017-10-18 10:58:35,950:
  Done
2017-10-18 10:58:36,183:
  building Inception_v3...
2017-10-18 10:58:36,479:
  Done.
2017-10-18 10:58:36,479:
  building Attention_Decoder...
2017-10-18 10:58:36,503:
  Done
2017-10-18 11:00:11,008:
  Base_norm
2017-10-18 11:00:11,024:
  Base_norm
2017-10-18 11:00:11,030:
  building Inception_v3...
2017-10-18 11:00:11,802:
  Done.
2017-10-18 11:00:11,802:
  building Attention_Decoder...
2017-10-18 11:00:11,942:
  Done
2017-10-18 11:00:12,170:
  building Inception_v3...
2017-10-18 11:00:12,460:
  Done.
2017-10-18 11:00:12,461:
  building Attention_Decoder...
2017-10-18 11:00:12,482:
  Done
2017-10-18 11:02:42,392:
  Base_norm
2017-10-18 11:02:42,408:
  Base_norm
2017-10-18 11:02:42,413:
  building Inception_v3...
2017-10-18 11:02:43,138:
  Done.
2017-10-18 11:02:43,138:
  building Attention_Decoder...
2017-10-18 11:02:43,277:
  Done
2017-10-18 11:02:43,514:
  building Inception_v3...
2017-10-18 11:02:43,820:
  Done.
2017-10-18 11:02:43,820:
  building Attention_Decoder...
2017-10-18 11:02:43,843:
  Done
2017-10-18 11:03:47,664:
  Base_norm
2017-10-18 11:03:47,698:
  Base_norm
2017-10-18 11:03:47,709:
  building Inception_v3...
2017-10-18 11:03:48,466:
  Done.
2017-10-18 11:03:48,466:
  building Attention_Decoder...
2017-10-18 11:03:48,602:
  Done
2017-10-18 11:03:48,829:
  building Inception_v3...
2017-10-18 11:03:49,123:
  Done.
2017-10-18 11:03:49,124:
  building Attention_Decoder...
2017-10-18 11:03:49,146:
  Done
2017-10-18 11:16:55,975:
  Base_norm
2017-10-18 11:16:55,998:
  Base_norm
2017-10-18 11:16:56,004:
  building Inception_v3...
2017-10-18 11:16:56,718:
  Done.
2017-10-18 11:16:56,718:
  building Attention_Decoder...
2017-10-18 11:16:56,854:
  Done
2017-10-18 11:16:57,071:
  building Inception_v3...
2017-10-18 11:16:57,357:
  Done.
2017-10-18 11:16:57,357:
  building Attention_Decoder...
2017-10-18 11:16:57,378:
  Done
2017-10-18 11:17:10,948:
  Base_norm
2017-10-18 11:17:10,964:
  Base_norm
2017-10-18 11:17:10,970:
  building Inception_v3...
2017-10-18 11:17:11,681:
  Done.
2017-10-18 11:17:11,681:
  building Attention_Decoder...
2017-10-18 11:17:11,820:
  Done
2017-10-18 11:17:12,038:
  building Inception_v3...
2017-10-18 11:17:12,323:
  Done.
2017-10-18 11:17:12,323:
  building Attention_Decoder...
2017-10-18 11:17:12,344:
  Done
2017-10-19 10:35:31,675:
  Base_norm
2017-10-19 10:35:31,712:
  Base_norm
2017-10-19 10:35:31,737:
  building Inception_v3...
2017-10-19 10:35:32,513:
  Done.
2017-10-19 10:35:32,514:
  building Attention_Decoder...
2017-10-19 10:35:32,831:
  Done
2017-10-19 10:35:33,068:
  building Inception_v3...
2017-10-19 10:37:28,810:
  Base_norm
2017-10-19 10:37:28,825:
  Base_norm
2017-10-19 10:37:28,838:
  building Inception_v3...
2017-10-19 10:37:29,589:
  Done.
2017-10-19 10:37:29,589:
  building Attention_Decoder...
2017-10-19 10:37:29,737:
  Done
2017-10-19 10:37:29,978:
  building Inception_v3...
2017-10-19 10:37:30,422:
  Done.
2017-10-19 10:37:30,422:
  building Attention_Decoder...
2017-10-19 10:37:30,443:
  Done
2017-10-19 10:37:30,618:
  building Inception_v3...
2017-10-19 10:37:31,140:
  Done.
2017-10-19 10:37:31,140:
  building Attention_Decoder...
2017-10-19 10:37:31,164:
  Done
2017-10-19 10:37:31,328:
  building Inception_v3...
2017-10-19 10:37:31,858:
  Done.
2017-10-19 10:37:31,859:
  building Attention_Decoder...
2017-10-19 10:37:31,880:
  Done
2017-10-19 10:37:32,052:
  building Inception_v3...
2017-10-19 10:37:32,358:
  Done.
2017-10-19 10:37:32,358:
  building Attention_Decoder...
2017-10-19 10:37:32,385:
  Done
2017-10-19 10:37:32,646:
  building Inception_v3...
2017-10-19 10:37:32,962:
  Done.
2017-10-19 10:37:32,962:
  building Attention_Decoder...
2017-10-19 10:37:32,984:
  Done
2017-10-19 10:37:33,148:
  building Inception_v3...
2017-10-19 10:37:33,448:
  Done.
2017-10-19 10:37:33,448:
  building Attention_Decoder...
2017-10-19 10:37:33,470:
  Done
2017-10-19 10:37:33,630:
  building Inception_v3...
2017-10-19 10:37:34,037:
  Done.
2017-10-19 10:37:34,037:
  building Attention_Decoder...
2017-10-19 10:37:34,060:
  Done
2017-10-19 10:39:17,634:
  Base_norm
2017-10-19 10:39:17,649:
  Base_norm
2017-10-19 10:39:17,661:
  building Inception_v3...
2017-10-19 10:39:18,375:
  Done.
2017-10-19 10:39:18,375:
  building Attention_Decoder...
2017-10-19 10:39:19,331:
  Done
2017-10-19 10:39:19,549:
  building Inception_v3...
2017-10-19 10:39:20,040:
  Done.
2017-10-19 10:39:20,041:
  building Attention_Decoder...
2017-10-19 10:39:20,811:
  Done
2017-10-19 10:39:21,030:
  building Inception_v3...
2017-10-19 10:39:21,466:
  Done.
2017-10-19 10:39:21,466:
  building Attention_Decoder...
2017-10-19 10:39:22,251:
  Done
2017-10-19 10:39:22,466:
  building Inception_v3...
2017-10-19 10:39:22,900:
  Done.
2017-10-19 10:39:22,900:
  building Attention_Decoder...
2017-10-19 10:39:23,691:
  Done
2017-10-19 10:39:23,917:
  building Inception_v3...
2017-10-19 10:39:24,203:
  Done.
2017-10-19 10:39:24,203:
  building Attention_Decoder...
2017-10-19 10:39:25,241:
  Done
2017-10-19 10:39:25,459:
  building Inception_v3...
2017-10-19 10:39:25,760:
  Done.
2017-10-19 10:39:25,760:
  building Attention_Decoder...
2017-10-19 10:39:26,587:
  Done
2017-10-19 10:39:26,796:
  building Inception_v3...
2017-10-19 10:39:27,270:
  Done.
2017-10-19 10:39:27,270:
  building Attention_Decoder...
2017-10-19 10:39:28,089:
  Done
2017-10-19 10:39:28,299:
  building Inception_v3...
2017-10-19 10:39:28,594:
  Done.
2017-10-19 10:39:28,595:
  building Attention_Decoder...
2017-10-19 10:39:29,419:
  Done
2017-10-19 10:48:55,068:
  Base_norm
2017-10-19 10:48:55,099:
  Base_norm
2017-10-19 10:48:55,112:
  building Inception_v3...
2017-10-19 10:48:55,842:
  Done.
2017-10-19 10:48:55,842:
  building Attention_Decoder...
2017-10-19 10:48:56,916:
  Done
2017-10-19 10:48:57,126:
  building Inception_v3...
2017-10-19 10:48:57,614:
  Done.
2017-10-19 10:48:57,614:
  building Attention_Decoder...
2017-10-19 10:48:58,362:
  Done
2017-10-19 10:48:58,572:
  building Inception_v3...
2017-10-19 10:48:59,012:
  Done.
2017-10-19 10:48:59,012:
  building Attention_Decoder...
2017-10-19 10:48:59,774:
  Done
2017-10-19 10:48:59,990:
  building Inception_v3...
2017-10-19 10:49:00,419:
  Done.
2017-10-19 10:49:00,419:
  building Attention_Decoder...
2017-10-19 10:49:01,207:
  Done
2017-10-19 10:49:01,424:
  building Inception_v3...
2017-10-19 10:49:01,709:
  Done.
2017-10-19 10:49:01,709:
  building Attention_Decoder...
2017-10-19 10:49:02,563:
  Done
2017-10-19 10:49:02,744:
  building Inception_v3...
2017-10-19 10:49:03,033:
  Done.
2017-10-19 10:49:03,033:
  building Attention_Decoder...
2017-10-19 10:49:03,745:
  Done
2017-10-19 10:49:03,930:
  building Inception_v3...
2017-10-19 10:49:04,384:
  Done.
2017-10-19 10:49:04,385:
  building Attention_Decoder...
2017-10-19 10:49:05,104:
  Done
2017-10-19 10:49:05,285:
  building Inception_v3...
2017-10-19 10:49:05,573:
  Done.
2017-10-19 10:49:05,574:
  building Attention_Decoder...
2017-10-19 10:49:06,292:
  Done
2017-10-23 18:11:02,269:
  Base_norm
2017-10-23 18:11:02,400:
  Base_norm
2017-10-23 18:11:02,494:
  building Inception_v3...
2017-10-23 18:13:57,818:
  Base_norm
2017-10-23 18:13:57,921:
  Base_norm
2017-10-23 18:13:58,014:
  building Inception_v3...
2017-10-23 18:14:21,797:
  Base_norm
2017-10-23 18:14:21,901:
  Base_norm
2017-10-23 18:14:21,994:
  building Inception_v3...
2017-10-23 18:15:20,545:
  Base_norm
2017-10-23 18:15:20,647:
  Base_norm
2017-10-23 18:15:20,745:
  building Inception_v3...
2017-10-23 18:16:20,017:
  Base_norm
2017-10-23 18:16:20,118:
  Base_norm
2017-10-23 18:16:20,211:
  building Inception_v3...
2017-10-23 18:16:21,698:
  Done.
2017-10-23 18:16:21,698:
  building Attention_Decoder...
2017-10-23 18:17:06,339:
  Base_norm
2017-10-23 18:17:06,443:
  Base_norm
2017-10-23 18:17:06,536:
  building Inception_v3...
2017-10-23 18:17:08,036:
  Done.
2017-10-23 18:17:08,036:
  building Attention_Decoder...
2017-10-23 18:18:24,756:
  Base_norm
2017-10-23 18:18:24,859:
  Base_norm
2017-10-23 18:18:24,952:
  building Inception_v3...
2017-10-23 18:18:26,446:
  Done.
2017-10-23 18:18:26,446:
  building Attention_Decoder...
2017-10-23 18:18:27,550:
  Done
2017-10-23 18:18:27,746:
  building Inception_v3...
2017-10-23 18:18:28,481:
  Done.
2017-10-23 18:18:28,481:
  building Attention_Decoder...
2017-10-23 18:18:29,233:
  Done
2017-10-23 18:19:59,698:
  Base_norm
2017-10-23 18:19:59,800:
  Base_norm
2017-10-23 18:19:59,893:
  building Inception_v3...
2017-10-23 18:20:01,408:
  Done.
2017-10-23 18:20:01,408:
  building Attention_Decoder...
2017-10-23 18:20:02,497:
  Done
2017-10-23 18:20:02,694:
  building Inception_v3...
2017-10-23 18:20:03,431:
  Done.
2017-10-23 18:20:03,431:
  building Attention_Decoder...
2017-10-23 18:20:04,189:
  Done
2017-10-23 18:20:35,150:
  Base_norm
2017-10-23 18:20:35,258:
  Base_norm
2017-10-23 18:20:35,354:
  building Inception_v3...
2017-10-23 18:20:36,881:
  Done.
2017-10-23 18:20:36,881:
  building Attention_Decoder...
2017-10-23 18:20:37,948:
  Done
2017-10-23 18:20:38,147:
  building Inception_v3...
2017-10-23 18:20:38,874:
  Done.
2017-10-23 18:20:38,874:
  building Attention_Decoder...
2017-10-23 18:20:39,627:
  Done
2017-10-23 18:22:49,768:
  Base_norm
2017-10-23 18:22:49,870:
  Base_norm
2017-10-23 18:22:49,963:
  building Inception_v3...
2017-10-23 18:22:51,455:
  Done.
2017-10-23 18:22:51,455:
  building Attention_Decoder...
2017-10-23 18:22:52,512:
  Done
2017-10-23 18:22:52,706:
  building Inception_v3...
2017-10-23 18:22:53,425:
  Done.
2017-10-23 18:22:53,425:
  building Attention_Decoder...
2017-10-23 18:22:54,166:
  Done
2017-10-23 18:23:56,409:
  Base_norm
2017-10-23 18:23:56,511:
  Base_norm
2017-10-23 18:23:56,606:
  building Inception_v3...
2017-10-23 18:23:58,119:
  Done.
2017-10-23 18:23:58,119:
  building Attention_Decoder...
2017-10-23 18:23:59,191:
  Done
2017-10-23 18:23:59,392:
  building Inception_v3...
2017-10-23 18:24:00,123:
  Done.
2017-10-23 18:24:00,123:
  building Attention_Decoder...
2017-10-23 18:24:00,877:
  Done
2017-10-23 18:30:28,254:
  Base_norm
2017-10-23 18:30:28,357:
  Base_norm
2017-10-23 18:30:28,451:
  building Inception_v3...
2017-10-23 18:30:29,965:
  Done.
2017-10-23 18:30:29,965:
  building Attention_Decoder...
2017-10-23 18:30:31,047:
  Done
2017-10-23 18:30:31,250:
  building Inception_v3...
2017-10-23 18:30:31,991:
  Done.
2017-10-23 18:30:31,991:
  building Attention_Decoder...
2017-10-23 18:30:32,757:
  Done
2017-10-23 18:30:56,646:
  Base_norm
2017-10-23 18:30:56,749:
  Base_norm
2017-10-23 18:30:56,841:
  building Inception_v3...
2017-10-23 18:30:58,363:
  Done.
2017-10-23 18:30:58,363:
  building Attention_Decoder...
2017-10-23 18:30:59,456:
  Done
2017-10-23 18:30:59,665:
  building Inception_v3...
2017-10-23 18:31:00,417:
  Done.
2017-10-23 18:31:00,417:
  building Attention_Decoder...
2017-10-23 18:31:01,190:
  Done
2017-10-23 18:33:56,208:
  Base_norm
2017-10-23 18:33:56,309:
  Base_norm
2017-10-23 18:33:56,402:
  building Inception_v3...
2017-10-23 18:33:57,917:
  Done.
2017-10-23 18:33:57,917:
  building Attention_Decoder...
2017-10-23 18:33:58,997:
  Done
2017-10-23 18:33:59,200:
  building Inception_v3...
2017-10-23 18:33:59,951:
  Done.
2017-10-23 18:33:59,952:
  building Attention_Decoder...
2017-10-23 18:34:00,719:
  Done
2017-10-23 18:36:57,107:
  Base_norm
2017-10-23 18:36:57,215:
  Base_norm
2017-10-23 18:36:57,313:
  building Inception_v3...
2017-10-23 18:36:58,843:
  Done.
2017-10-23 18:36:58,843:
  building Attention_Decoder...
2017-10-23 18:36:59,920:
  Done
2017-10-23 18:37:00,124:
  building Inception_v3...
2017-10-23 18:37:00,858:
  Done.
2017-10-23 18:37:00,858:
  building Attention_Decoder...
2017-10-23 18:37:01,618:
  Done
2017-10-23 18:39:23,841:
  Base_norm
2017-10-23 18:39:23,946:
  Base_norm
2017-10-23 18:39:24,041:
  building Inception_v3...
2017-10-23 18:39:25,593:
  Done.
2017-10-23 18:39:25,593:
  building Attention_Decoder...
2017-10-23 18:39:26,660:
  Done
2017-10-23 18:39:26,862:
  building Inception_v3...
2017-10-23 18:39:27,598:
  Done.
2017-10-23 18:39:27,598:
  building Attention_Decoder...
2017-10-23 18:39:28,355:
  Done
2017-10-23 18:41:22,675:
  Base_norm
2017-10-23 18:41:22,778:
  Base_norm
2017-10-23 18:41:22,871:
  building Inception_v3...
2017-10-23 18:41:24,380:
  Done.
2017-10-23 18:41:24,380:
  building Attention_Decoder...
2017-10-23 18:41:25,464:
  Done
2017-10-23 18:41:25,665:
  building Inception_v3...
2017-10-23 18:41:26,402:
  Done.
2017-10-23 18:41:26,402:
  building Attention_Decoder...
2017-10-23 18:41:27,168:
  Done
2017-10-23 18:43:25,702:
  Base_norm
2017-10-23 18:43:25,803:
  Base_norm
2017-10-23 18:43:25,896:
  building Inception_v3...
2017-10-23 18:43:27,389:
  Done.
2017-10-23 18:43:27,389:
  building Attention_Decoder...
2017-10-23 18:43:28,459:
  Done
2017-10-23 18:43:28,660:
  building Inception_v3...
2017-10-23 18:43:29,383:
  Done.
2017-10-23 18:43:29,383:
  building Attention_Decoder...
2017-10-23 18:43:30,141:
  Done
2017-10-23 18:45:31,026:
  Base_norm
2017-10-23 18:45:31,135:
  Base_norm
2017-10-23 18:45:31,227:
  building Inception_v3...
2017-10-23 18:45:32,719:
  Done.
2017-10-23 18:45:32,719:
  building Attention_Decoder...
2017-10-23 18:45:33,791:
  Done
2017-10-23 18:45:33,991:
  building Inception_v3...
2017-10-23 18:45:34,721:
  Done.
2017-10-23 18:45:34,721:
  building Attention_Decoder...
2017-10-23 18:45:35,473:
  Done
2017-10-23 19:15:17,524:
  Base_norm
2017-10-23 19:15:17,635:
  Base_norm
2017-10-23 19:15:17,729:
  building Inception_v3...
2017-10-23 19:15:19,236:
  Done.
2017-10-23 19:15:19,236:
  building Attention_Decoder...
2017-10-23 19:15:20,316:
  Done
2017-10-23 19:15:20,519:
  building Inception_v3...
2017-10-23 19:15:21,256:
  Done.
2017-10-23 19:15:21,256:
  building Attention_Decoder...
2017-10-23 19:15:22,019:
  Done
2017-10-23 19:16:03,304:
  Base_norm
2017-10-23 19:16:03,408:
  Base_norm
2017-10-23 19:16:03,504:
  building Inception_v3...
2017-10-23 19:16:05,012:
  Done.
2017-10-23 19:16:05,012:
  building Attention_Decoder...
2017-10-23 19:16:06,091:
  Done
2017-10-23 19:16:06,294:
  building Inception_v3...
2017-10-23 19:16:07,032:
  Done.
2017-10-23 19:16:07,032:
  building Attention_Decoder...
2017-10-23 19:16:07,794:
  Done
2017-10-23 19:17:52,266:
  Base_norm
2017-10-23 19:17:52,280:
  Base_norm
2017-10-23 19:17:52,286:
  building Inception_v3...
2017-10-23 19:17:53,839:
  Done.
2017-10-23 19:17:53,839:
  building Attention_Decoder...
2017-10-23 19:17:54,920:
  Done
2017-10-23 19:17:55,121:
  building Inception_v3...
2017-10-23 19:17:55,859:
  Done.
2017-10-23 19:17:55,859:
  building Attention_Decoder...
2017-10-23 19:17:56,620:
  Done
2017-10-23 19:19:45,641:
  Base_norm
2017-10-23 19:19:45,656:
  Base_norm
2017-10-23 19:19:45,662:
  building Inception_v3...
2017-10-23 19:19:47,190:
  Done.
2017-10-23 19:19:47,190:
  building Attention_Decoder...
2017-10-23 19:19:48,277:
  Done
2017-10-23 19:19:48,485:
  building Inception_v3...
2017-10-23 19:19:49,234:
  Done.
2017-10-23 19:19:49,234:
  building Attention_Decoder...
2017-10-23 19:19:50,010:
  Done
2017-10-24 12:40:23,967:
  Base_norm
2017-10-24 12:40:24,013:
  Base_norm
2017-10-24 12:40:24,020:
  building Inception_v3...
2017-10-24 12:40:25,561:
  Done.
2017-10-24 12:40:25,561:
  building Attention_Decoder...
2017-10-24 12:40:26,721:
  Done
2017-10-24 12:40:26,923:
  building Inception_v3...
2017-10-24 12:40:27,665:
  Done.
2017-10-24 12:40:27,665:
  building Attention_Decoder...
2017-10-24 12:40:28,420:
  Done
2017-10-24 12:42:41,290:
  Base_norm
2017-10-24 12:42:41,305:
  Base_norm
2017-10-24 12:42:41,310:
  building Inception_v3...
2017-10-24 12:42:42,811:
  Done.
2017-10-24 12:42:42,811:
  building Attention_Decoder...
2017-10-24 12:42:43,878:
  Done
2017-10-24 12:42:44,076:
  building Inception_v3...
2017-10-24 12:42:44,811:
  Done.
2017-10-24 12:42:44,811:
  building Attention_Decoder...
2017-10-24 12:42:45,566:
  Done
2017-10-24 12:44:39,908:
  Base_norm
2017-10-24 12:44:39,923:
  Base_norm
2017-10-24 12:44:39,929:
  building Inception_v3...
2017-10-24 12:44:41,438:
  Done.
2017-10-24 12:44:41,438:
  building Attention_Decoder...
2017-10-24 12:44:42,506:
  Done
2017-10-24 12:44:42,704:
  building Inception_v3...
2017-10-24 12:44:43,439:
  Done.
2017-10-24 12:44:43,439:
  building Attention_Decoder...
2017-10-24 12:44:44,196:
  Done
2017-10-24 12:46:10,661:
  Base_norm
2017-10-24 12:46:10,676:
  Base_norm
2017-10-24 12:46:10,681:
  building Inception_v3...
2017-10-24 12:46:12,181:
  Done.
2017-10-24 12:46:12,181:
  building Attention_Decoder...
2017-10-24 12:46:13,261:
  Done
2017-10-24 12:46:13,458:
  building Inception_v3...
2017-10-24 12:46:14,201:
  Done.
2017-10-24 12:46:14,201:
  building Attention_Decoder...
2017-10-24 12:46:14,954:
  Done
2017-10-24 12:49:04,080:
  Base_norm
2017-10-24 12:49:04,095:
  Base_norm
2017-10-24 12:49:04,100:
  building Inception_v3...
2017-10-24 12:49:05,642:
  Done.
2017-10-24 12:49:05,642:
  building Attention_Decoder...
2017-10-24 12:49:06,712:
  Done
2017-10-24 12:49:06,910:
  building Inception_v3...
2017-10-24 12:49:07,652:
  Done.
2017-10-24 12:49:07,652:
  building Attention_Decoder...
2017-10-24 12:49:08,409:
  Done
2017-10-24 12:51:03,058:
  Base_norm
2017-10-24 12:51:03,073:
  Base_norm
2017-10-24 12:51:03,078:
  building Inception_v3...
2017-10-24 12:51:04,581:
  Done.
2017-10-24 12:51:04,581:
  building Attention_Decoder...
2017-10-24 12:51:05,659:
  Done
2017-10-24 12:51:05,856:
  building Inception_v3...
2017-10-24 12:51:06,577:
  Done.
2017-10-24 12:51:06,577:
  building Attention_Decoder...
2017-10-24 12:51:07,321:
  Done
2017-10-24 12:52:40,538:
  Base_norm
2017-10-24 12:52:40,553:
  Base_norm
2017-10-24 12:52:40,558:
  building Inception_v3...
2017-10-24 12:52:42,050:
  Done.
2017-10-24 12:52:42,050:
  building Attention_Decoder...
2017-10-24 12:52:43,111:
  Done
2017-10-24 12:52:43,308:
  building Inception_v3...
2017-10-24 12:52:44,029:
  Done.
2017-10-24 12:52:44,029:
  building Attention_Decoder...
2017-10-24 12:52:44,774:
  Done
2017-10-24 12:54:26,549:
  Base_norm
2017-10-24 12:54:26,563:
  Base_norm
2017-10-24 12:54:26,569:
  building Inception_v3...
2017-10-24 12:54:28,069:
  Done.
2017-10-24 12:54:28,069:
  building Attention_Decoder...
2017-10-24 12:54:29,136:
  Done
2017-10-24 12:54:29,335:
  building Inception_v3...
2017-10-24 12:54:30,059:
  Done.
2017-10-24 12:54:30,060:
  building Attention_Decoder...
2017-10-24 12:54:30,812:
  Done
2017-10-24 12:55:22,512:
  Base_norm
2017-10-24 12:55:22,526:
  Base_norm
2017-10-24 12:55:22,532:
  building Inception_v3...
2017-10-24 12:55:24,022:
  Done.
2017-10-24 12:55:24,022:
  building Attention_Decoder...
2017-10-24 12:55:25,070:
  Done
2017-10-24 12:55:25,265:
  building Inception_v3...
2017-10-24 12:55:25,984:
  Done.
2017-10-24 12:55:25,984:
  building Attention_Decoder...
2017-10-24 12:55:26,729:
  Done
2017-10-24 12:58:56,039:
  Base_norm
2017-10-24 12:58:56,056:
  Base_norm
2017-10-24 12:58:56,061:
  building Inception_v3...
2017-10-24 12:58:57,561:
  Done.
2017-10-24 12:58:57,561:
  building Attention_Decoder...
2017-10-24 12:58:58,627:
  Done
2017-10-24 12:58:58,832:
  building Inception_v3...
2017-10-24 12:58:59,568:
  Done.
2017-10-24 12:58:59,568:
  building Attention_Decoder...
2017-10-24 12:59:00,333:
  Done
2017-10-24 13:00:16,191:
  Base_norm
2017-10-24 13:00:16,207:
  Base_norm
2017-10-24 13:00:16,212:
  building Inception_v3...
2017-10-24 13:00:17,724:
  Done.
2017-10-24 13:00:17,724:
  building Attention_Decoder...
2017-10-24 13:00:18,799:
  Done
2017-10-24 13:00:19,001:
  building Inception_v3...
2017-10-24 13:00:19,737:
  Done.
2017-10-24 13:00:19,738:
  building Attention_Decoder...
2017-10-24 13:00:20,489:
  Done
2017-10-24 13:03:07,212:
  Base_norm
2017-10-24 13:03:07,227:
  Base_norm
2017-10-24 13:03:07,233:
  building Inception_v3...
2017-10-24 13:03:08,731:
  Done.
2017-10-24 13:03:08,731:
  building Attention_Decoder...
2017-10-24 13:03:09,828:
  Done
2017-10-24 13:03:10,030:
  building Inception_v3...
2017-10-24 13:03:10,768:
  Done.
2017-10-24 13:03:10,768:
  building Attention_Decoder...
2017-10-24 13:03:11,532:
  Done
2017-10-24 13:04:32,586:
  Base_norm
2017-10-24 13:04:32,600:
  Base_norm
2017-10-24 13:04:32,606:
  building Inception_v3...
2017-10-24 13:04:34,107:
  Done.
2017-10-24 13:04:34,107:
  building Attention_Decoder...
2017-10-24 13:04:35,177:
  Done
2017-10-24 13:04:35,375:
  building Inception_v3...
2017-10-24 13:04:36,112:
  Done.
2017-10-24 13:04:36,112:
  building Attention_Decoder...
2017-10-24 13:04:36,857:
  Done
2017-10-24 13:05:57,140:
  Base_norm
2017-10-24 13:05:57,155:
  Base_norm
2017-10-24 13:05:57,160:
  building Inception_v3...
2017-10-24 13:05:58,665:
  Done.
2017-10-24 13:05:58,665:
  building Attention_Decoder...
2017-10-24 13:05:59,733:
  Done
2017-10-24 13:05:59,930:
  building Inception_v3...
2017-10-24 13:06:00,656:
  Done.
2017-10-24 13:06:00,656:
  building Attention_Decoder...
2017-10-24 13:06:01,404:
  Done
2017-10-24 13:07:57,571:
  Base_norm
2017-10-24 13:07:57,586:
  Base_norm
2017-10-24 13:07:57,591:
  building Inception_v3...
2017-10-24 13:07:59,093:
  Done.
2017-10-24 13:07:59,093:
  building Attention_Decoder...
2017-10-24 13:08:00,167:
  Done
2017-10-24 13:08:00,369:
  building Inception_v3...
2017-10-24 13:08:01,103:
  Done.
2017-10-24 13:08:01,103:
  building Attention_Decoder...
2017-10-24 13:08:01,853:
  Done
2017-10-24 13:09:22,627:
  Base_norm
2017-10-24 13:09:22,642:
  Base_norm
2017-10-24 13:09:22,647:
  building Inception_v3...
2017-10-24 13:09:24,147:
  Done.
2017-10-24 13:09:24,147:
  building Attention_Decoder...
2017-10-24 13:09:25,218:
  Done
2017-10-24 13:09:25,424:
  building Inception_v3...
2017-10-24 13:09:26,158:
  Done.
2017-10-24 13:09:26,159:
  building Attention_Decoder...
2017-10-24 13:09:26,912:
  Done
2017-10-24 13:11:52,137:
  Base_norm
2017-10-24 13:11:52,153:
  Base_norm
2017-10-24 13:11:52,159:
  building Inception_v3...
2017-10-24 13:11:53,661:
  Done.
2017-10-24 13:11:53,661:
  building Attention_Decoder...
2017-10-24 13:11:54,729:
  Done
2017-10-24 13:11:54,932:
  building Inception_v3...
2017-10-24 13:11:55,693:
  Done.
2017-10-24 13:11:55,693:
  building Attention_Decoder...
2017-10-24 13:11:56,468:
  Done
2017-10-24 13:13:00,810:
  Base_norm
2017-10-24 13:13:00,826:
  Base_norm
2017-10-24 13:13:00,831:
  building Inception_v3...
2017-10-24 13:13:02,352:
  Done.
2017-10-24 13:13:02,352:
  building Attention_Decoder...
2017-10-24 13:13:03,434:
  Done
2017-10-24 13:13:03,637:
  building Inception_v3...
2017-10-24 13:13:04,374:
  Done.
2017-10-24 13:13:04,374:
  building Attention_Decoder...
2017-10-24 13:13:05,130:
  Done
2017-10-24 15:26:51,567:
  Base_norm
2017-10-24 15:26:51,592:
  Base_norm
2017-10-24 15:26:51,597:
  building Inception_v3...
2017-10-24 15:26:53,087:
  Done.
2017-10-24 15:26:53,087:
  building Attention_Decoder...
2017-10-24 15:26:54,161:
  Done
2017-10-24 15:26:54,361:
  building Inception_v3...
2017-10-24 15:26:55,092:
  Done.
2017-10-24 15:26:55,092:
  building Attention_Decoder...
2017-10-24 15:26:55,846:
  Done
2017-10-24 15:39:10,205:
  Base_norm
2017-10-24 15:39:10,227:
  Base_norm
2017-10-24 15:39:10,233:
  building Inception_v3...
2017-10-24 15:39:11,738:
  Done.
2017-10-24 15:39:11,738:
  building Attention_Decoder...
2017-10-24 15:39:12,819:
  Done
2017-10-24 15:39:13,022:
  building Inception_v3...
2017-10-24 15:39:13,761:
  Done.
2017-10-24 15:39:13,761:
  building Attention_Decoder...
2017-10-24 15:39:14,525:
  Done
2017-10-24 15:50:44,623:
  Base_norm
2017-10-24 15:50:44,643:
  Base_norm
2017-10-24 15:50:44,648:
  building Inception_v3...
2017-10-24 15:50:46,141:
  Done.
2017-10-24 15:50:46,141:
  building Attention_Decoder...
2017-10-24 15:50:47,213:
  Done
2017-10-24 15:50:47,412:
  building Inception_v3...
2017-10-24 15:50:48,140:
  Done.
2017-10-24 15:50:48,140:
  building Attention_Decoder...
2017-10-24 15:50:48,895:
  Done
2017-10-25 14:38:37,987:
  Base_norm
2017-10-25 14:38:38,024:
  Base_norm
2017-10-25 14:38:38,030:
  building Inception_v3...
2017-10-25 14:38:38,707:
  Done.
2017-10-25 14:38:38,707:
  building Attention_Decoder...
2017-10-25 14:38:39,163:
  Done
2017-10-25 14:38:39,369:
  building Inception_v3...
2017-10-25 14:38:39,637:
  Done.
2017-10-25 14:38:39,637:
  building Attention_Decoder...
2017-10-25 14:38:39,775:
  Done
2017-10-25 14:39:31,609:
  Base_norm
2017-10-25 14:39:31,623:
  Base_norm
2017-10-25 14:39:31,629:
  building Inception_v3...
2017-10-25 14:39:32,290:
  Done.
2017-10-25 14:39:32,290:
  building Attention_Decoder...
2017-10-25 14:39:32,713:
  Done
2017-10-25 14:39:32,920:
  building Inception_v3...
2017-10-25 14:39:33,191:
  Done.
2017-10-25 14:39:33,191:
  building Attention_Decoder...
2017-10-25 14:39:33,329:
  Done
2017-10-25 14:59:29,071:
  Base_norm
2017-10-25 14:59:29,085:
  Base_norm
2017-10-25 14:59:29,091:
  building Inception_v3...
2017-10-25 14:59:29,751:
  Done.
2017-10-25 14:59:29,751:
  building Attention_Decoder...
2017-10-25 14:59:30,168:
  Done
2017-10-25 14:59:30,375:
  building Inception_v3...
2017-10-25 14:59:30,642:
  Done.
2017-10-25 14:59:30,642:
  building Attention_Decoder...
2017-10-25 14:59:30,779:
  Done
2017-10-25 15:13:31,947:
  Base_norm
2017-10-25 15:13:31,962:
  Base_norm
2017-10-25 15:13:31,967:
  building Inception_v3...
2017-10-25 15:13:32,638:
  Done.
2017-10-25 15:13:32,638:
  building Attention_Decoder...
2017-10-25 15:13:33,060:
  Done
2017-10-25 15:13:33,270:
  building Inception_v3...
2017-10-25 15:13:33,544:
  Done.
2017-10-25 15:13:33,544:
  building Attention_Decoder...
2017-10-25 15:13:33,683:
  Done
2017-10-25 15:32:03,808:
  Base_norm
2017-10-25 15:32:03,823:
  Base_norm
2017-10-25 15:32:03,829:
  building Inception_v3...
2017-10-25 15:32:04,495:
  Done.
2017-10-25 15:32:04,495:
  building Attention_Decoder...
2017-10-25 15:32:04,917:
  Done
2017-10-25 15:32:05,126:
  building Inception_v3...
2017-10-25 15:32:05,399:
  Done.
2017-10-25 15:32:05,399:
  building Attention_Decoder...
2017-10-25 15:32:05,537:
  Done
2017-10-25 15:32:27,554:
  Base_norm
2017-10-25 15:32:27,569:
  Base_norm
2017-10-25 15:32:27,574:
  building Inception_v3...
2017-10-25 15:32:28,242:
  Done.
2017-10-25 15:32:28,242:
  building Attention_Decoder...
2017-10-25 15:32:28,664:
  Done
2017-10-25 15:32:28,871:
  building Inception_v3...
2017-10-25 15:32:29,144:
  Done.
2017-10-25 15:32:29,144:
  building Attention_Decoder...
2017-10-25 15:32:29,282:
  Done
2017-10-25 15:56:40,619:
  Base_norm
2017-10-25 15:57:50,083:
  Base_norm
2017-10-25 15:59:04,278:
  Base_norm
2017-10-25 16:00:18,286:
  Base_norm
2017-10-25 16:00:42,265:
  Base_norm
2017-10-25 16:01:20,177:
  Base_norm
2017-10-25 16:01:39,659:
  Base_norm
2017-10-25 16:02:05,170:
  Base_norm
2017-10-25 16:02:05,185:
  Base_norm
2017-10-25 16:02:05,190:
  building Inception_v3...
2017-10-25 16:02:05,853:
  Done.
2017-10-25 16:02:05,853:
  building Attention_Decoder...
2017-10-25 16:02:06,271:
  Done
2017-10-25 16:02:06,477:
  building Inception_v3...
2017-10-25 16:02:06,747:
  Done.
2017-10-25 16:02:06,747:
  building Attention_Decoder...
2017-10-25 16:02:06,884:
  Done
2017-10-25 16:04:30,997:
  Base_norm
2017-10-25 16:04:31,011:
  Base_norm
2017-10-25 16:04:31,017:
  building Inception_v3...
2017-10-25 16:04:31,679:
  Done.
2017-10-25 16:04:31,679:
  building Attention_Decoder...
2017-10-25 16:04:32,096:
  Done
2017-10-25 16:04:32,303:
  building Inception_v3...
2017-10-25 16:04:32,573:
  Done.
2017-10-25 16:04:32,573:
  building Attention_Decoder...
2017-10-25 16:04:32,711:
  Done
2017-10-26 09:06:44,339:
  building Inception_v3...
2017-10-26 09:06:44,937:
  Done.
2017-10-26 09:06:44,937:
  building Attention_Decoder...
2017-10-26 09:06:45,409:
  Done
2017-10-26 09:07:04,589:
  building Inception_v3...
2017-10-26 09:07:05,121:
  Done.
2017-10-26 09:07:05,121:
  building Attention_Decoder...
2017-10-26 09:07:05,545:
  Done
2017-10-26 09:14:41,760:
  building Inception_v3...
2017-10-26 09:14:42,290:
  Done.
2017-10-26 09:14:42,290:
  building Attention_Decoder...
2017-10-26 09:14:42,714:
  Done
2017-10-26 09:16:45,798:
  building Inception_v3...
2017-10-26 09:16:46,336:
  Done.
2017-10-26 09:16:46,336:
  building Attention_Decoder...
2017-10-26 09:16:46,772:
  Done
2017-10-26 09:18:29,003:
  building Inception_v3...
2017-10-26 09:18:29,534:
  Done.
2017-10-26 09:18:29,534:
  building Attention_Decoder...
2017-10-26 09:18:29,968:
  Done
2017-10-26 09:19:10,742:
  building Inception_v3...
2017-10-26 09:19:11,277:
  Done.
2017-10-26 09:19:11,277:
  building Attention_Decoder...
2017-10-26 09:19:11,704:
  Done
2017-10-26 09:30:09,470:
  building Inception_v3...
2017-10-26 09:30:10,002:
  Done.
2017-10-26 09:30:10,002:
  building Attention_Decoder...
2017-10-26 09:30:10,427:
  Done
2017-10-26 09:30:36,651:
  building Inception_v3...
2017-10-26 09:30:37,182:
  Done.
2017-10-26 09:30:37,182:
  building Attention_Decoder...
2017-10-26 09:30:37,607:
  Done
2017-10-26 09:31:08,692:
  building Inception_v3...
2017-10-26 09:31:09,232:
  Done.
2017-10-26 09:31:09,232:
  building Attention_Decoder...
2017-10-26 09:31:09,659:
  Done
2017-10-26 09:31:44,620:
  building Inception_v3...
2017-10-26 09:31:45,148:
  Done.
2017-10-26 09:31:45,149:
  building Attention_Decoder...
2017-10-26 09:31:45,584:
  Done
2017-10-26 09:32:22,821:
  building Inception_v3...
2017-10-26 09:32:23,357:
  Done.
2017-10-26 09:32:23,357:
  building Attention_Decoder...
2017-10-26 09:32:23,784:
  Done
2017-10-26 09:32:53,293:
  building Inception_v3...
2017-10-26 09:32:53,824:
  Done.
2017-10-26 09:32:53,824:
  building Attention_Decoder...
2017-10-26 09:32:54,253:
  Done
2017-10-26 09:33:41,799:
  building Inception_v3...
2017-10-26 09:33:42,336:
  Done.
2017-10-26 09:33:42,337:
  building Attention_Decoder...
2017-10-26 09:33:42,763:
  Done
2017-10-26 09:58:14,576:
  building Inception_v3...
2017-10-26 09:58:15,102:
  Done.
2017-10-26 09:58:15,102:
  building Attention_Decoder...
2017-10-26 09:58:15,524:
  Done
2017-10-26 10:08:34,740:
  building Inception_v3...
2017-10-26 10:08:35,265:
  Done.
2017-10-26 10:08:35,265:
  building Attention_Decoder...
2017-10-26 10:08:35,686:
  Done
2017-10-26 10:35:44,569:
  building Inception_v3...
2017-10-26 10:35:44,639:
  building Inception_v3...
2017-10-26 10:35:45,107:
  Done.
2017-10-26 10:35:45,107:
  building Attention_Decoder...
2017-10-26 10:35:45,180:
  Done.
2017-10-26 10:35:45,180:
  building Attention_Decoder...
2017-10-26 10:35:45,539:
  Done
2017-10-26 10:35:45,613:
  Done
2017-10-26 10:43:12,963:
  building Inception_v3...
2017-10-26 10:43:13,486:
  Done.
2017-10-26 10:43:13,487:
  building Attention_Decoder...
2017-10-26 10:43:13,908:
  Done
2017-10-26 10:44:06,972:
  building Inception_v3...
2017-10-26 10:44:07,503:
  Done.
2017-10-26 10:44:07,503:
  building Attention_Decoder...
2017-10-26 10:44:07,927:
  Done
2017-10-26 10:48:20,119:
  building Inception_v3...
2017-10-26 10:48:20,657:
  Done.
2017-10-26 10:48:20,657:
  building Attention_Decoder...
2017-10-26 10:48:21,081:
  Done
2017-10-26 10:48:42,192:
  building Inception_v3...
2017-10-26 10:48:42,720:
  Done.
2017-10-26 10:48:42,720:
  building Attention_Decoder...
2017-10-26 10:48:43,142:
  Done
2017-10-26 10:50:00,142:
  building Inception_v3...
2017-10-26 10:50:00,680:
  Done.
2017-10-26 10:50:00,680:
  building Attention_Decoder...
2017-10-26 10:50:01,107:
  Done
2017-10-26 10:52:27,539:
  building Inception_v3...
2017-10-26 10:52:28,075:
  Done.
2017-10-26 10:52:28,075:
  building Attention_Decoder...
2017-10-26 10:52:28,503:
  Done
2017-10-26 11:06:17,748:
  building Inception_v3...
2017-10-26 11:06:18,281:
  Done.
2017-10-26 11:06:18,281:
  building Attention_Decoder...
2017-10-26 11:06:18,709:
  Done
2017-10-26 11:06:50,846:
  building Inception_v3...
2017-10-26 11:06:51,391:
  Done.
2017-10-26 11:06:51,391:
  building Attention_Decoder...
2017-10-26 11:06:51,817:
  Done
2017-10-26 11:07:09,609:
  building Inception_v3...
2017-10-26 11:07:10,139:
  Done.
2017-10-26 11:07:10,139:
  building Attention_Decoder...
2017-10-26 11:07:10,566:
  Done
2017-10-26 11:07:44,394:
  building Inception_v3...
2017-10-26 11:07:44,925:
  Done.
2017-10-26 11:07:44,925:
  building Attention_Decoder...
2017-10-26 11:07:45,355:
  Done
2017-10-26 11:08:27,752:
  building Inception_v3...
2017-10-26 11:08:28,293:
  Done.
2017-10-26 11:08:28,293:
  building Attention_Decoder...
2017-10-26 11:08:28,725:
  Done
2017-10-26 11:11:43,271:
  building Inception_v3...
2017-10-26 11:11:43,806:
  Done.
2017-10-26 11:11:43,806:
  building Attention_Decoder...
2017-10-26 11:11:44,243:
  Done
2017-10-26 11:11:54,421:
  building Inception_v3...
2017-10-26 11:11:55,004:
  Done.
2017-10-26 11:11:55,004:
  building Attention_Decoder...
2017-10-26 11:11:55,449:
  Done
2017-10-26 11:12:50,541:
  building Inception_v3...
2017-10-26 11:12:51,202:
  Done.
2017-10-26 11:12:51,202:
  building Attention_Decoder...
2017-10-26 11:12:51,636:
  Done
2017-10-26 11:16:13,714:
  building Inception_v3...
2017-10-26 11:16:14,251:
  Done.
2017-10-26 11:16:14,252:
  building Attention_Decoder...
2017-10-26 11:16:14,694:
  Done
2017-10-26 11:16:30,433:
  building Inception_v3...
2017-10-26 11:16:30,962:
  Done.
2017-10-26 11:16:30,962:
  building Attention_Decoder...
2017-10-26 11:16:31,385:
  Done
2017-10-26 11:19:53,779:
  building Inception_v3...
2017-10-26 11:19:54,313:
  Done.
2017-10-26 11:19:54,314:
  building Attention_Decoder...
2017-10-26 11:19:54,741:
  Done
2017-10-26 11:20:12,531:
  building Inception_v3...
2017-10-26 11:20:13,061:
  Done.
2017-10-26 11:20:13,061:
  building Attention_Decoder...
2017-10-26 11:20:13,491:
  Done
2017-10-26 11:20:45,221:
  building Inception_v3...
2017-10-26 11:20:45,758:
  Done.
2017-10-26 11:20:45,758:
  building Attention_Decoder...
2017-10-26 11:20:46,187:
  Done
2017-10-26 11:21:18,523:
  building Inception_v3...
2017-10-26 11:21:19,051:
  Done.
2017-10-26 11:21:19,051:
  building Attention_Decoder...
2017-10-26 11:21:19,474:
  Done
2017-10-26 11:22:28,436:
  building Inception_v3...
2017-10-26 11:22:28,965:
  Done.
2017-10-26 11:22:28,965:
  building Attention_Decoder...
2017-10-26 11:22:29,391:
  Done
2017-10-26 11:26:32,503:
  building Inception_v3...
2017-10-26 11:26:33,030:
  Done.
2017-10-26 11:26:33,031:
  building Attention_Decoder...
2017-10-26 11:26:33,388:
  Done
2017-10-26 11:26:44,112:
  building Inception_v3...
2017-10-26 11:26:44,644:
  Done.
2017-10-26 11:26:44,644:
  building Attention_Decoder...
2017-10-26 11:26:45,003:
  Done
2017-10-26 11:27:15,989:
  building Inception_v3...
2017-10-26 11:27:16,532:
  Done.
2017-10-26 11:27:16,532:
  building Attention_Decoder...
2017-10-26 11:27:16,898:
  Done
2017-10-26 11:29:20,570:
  building Inception_v3...
2017-10-26 11:29:21,100:
  Done.
2017-10-26 11:29:21,100:
  building Attention_Decoder...
2017-10-26 11:29:21,461:
  Done
2017-10-26 11:30:23,655:
  building Inception_v3...
2017-10-26 11:30:24,190:
  Done.
2017-10-26 11:30:24,190:
  building Attention_Decoder...
2017-10-26 11:30:24,547:
  Done
2017-10-26 11:30:46,391:
  building Inception_v3...
2017-10-26 11:30:46,923:
  Done.
2017-10-26 11:30:46,923:
  building Attention_Decoder...
2017-10-26 11:30:47,288:
  Done
2017-10-26 11:32:42,235:
  building Inception_v3...
2017-10-26 11:32:42,767:
  Done.
2017-10-26 11:32:42,767:
  building Attention_Decoder...
2017-10-26 11:32:43,128:
  Done
2017-10-26 14:47:13,503:
  Base_norm
2017-10-26 14:47:13,536:
  Base_norm
2017-10-26 14:47:13,542:
  building Inception_v3...
2017-10-26 14:47:14,212:
  Done.
2017-10-26 14:47:14,212:
  building Attention_Decoder...
2017-10-26 14:47:14,602:
  Done
2017-10-26 14:47:14,803:
  building Inception_v3...
2017-10-26 14:47:15,072:
  Done.
2017-10-26 14:47:15,072:
  building Attention_Decoder...
2017-10-26 14:47:15,142:
  Done
2017-10-26 14:47:55,306:
  Base_norm
2017-10-26 14:47:55,321:
  Base_norm
2017-10-26 14:47:55,327:
  building Inception_v3...
2017-10-26 14:47:56,016:
  Done.
2017-10-26 14:47:56,016:
  building Attention_Decoder...
2017-10-26 14:47:56,444:
  Done
2017-10-26 14:47:56,660:
  building Inception_v3...
2017-10-26 14:47:56,937:
  Done.
2017-10-26 14:47:56,937:
  building Attention_Decoder...
2017-10-26 14:47:57,079:
  Done
2017-10-26 15:02:29,786:
  building Inception_v3...
2017-10-26 15:02:30,406:
  Done.
2017-10-26 15:02:30,406:
  building Attention_Decoder...
2017-10-26 15:02:30,913:
  Done
2017-10-26 15:02:51,680:
  building Inception_v3...
2017-10-26 15:02:52,255:
  Done.
2017-10-26 15:02:52,255:
  building Attention_Decoder...
2017-10-26 15:02:52,737:
  Done
2017-10-26 15:14:39,447:
  building Inception_v3...
2017-10-26 15:14:40,037:
  Done.
2017-10-26 15:14:40,037:
  building Attention_Decoder...
2017-10-26 15:14:40,523:
  Done
2017-10-26 15:14:54,734:
  building Inception_v3...
2017-10-26 15:14:55,300:
  Done.
2017-10-26 15:14:55,300:
  building Attention_Decoder...
2017-10-26 15:14:55,771:
  Done
2017-10-26 15:15:30,533:
  building Inception_v3...
2017-10-26 15:15:31,094:
  Done.
2017-10-26 15:15:31,095:
  building Attention_Decoder...
2017-10-26 15:15:31,603:
  Done
2017-10-26 15:16:54,286:
  building Inception_v3...
2017-10-26 15:16:54,880:
  Done.
2017-10-26 15:16:54,880:
  building Attention_Decoder...
2017-10-26 15:16:55,359:
  Done
2017-10-26 15:17:24,422:
  building Inception_v3...
2017-10-26 15:17:25,009:
  Done.
2017-10-26 15:17:25,009:
  building Attention_Decoder...
2017-10-26 15:17:25,511:
  Done
2017-10-26 15:18:38,161:
  building Inception_v3...
2017-10-26 15:18:38,750:
  Done.
2017-10-26 15:18:38,750:
  building Attention_Decoder...
2017-10-26 15:18:39,257:
  Done
2017-10-26 15:19:12,445:
  building Inception_v3...
2017-10-26 15:19:13,046:
  Done.
2017-10-26 15:19:13,046:
  building Attention_Decoder...
2017-10-26 15:19:13,525:
  Done
2017-10-26 15:19:34,161:
  building Inception_v3...
2017-10-26 15:19:34,758:
  Done.
2017-10-26 15:19:34,759:
  building Attention_Decoder...
2017-10-26 15:19:35,277:
  Done
2017-10-26 15:20:56,970:
  building Inception_v3...
2017-10-26 15:20:57,576:
  Done.
2017-10-26 15:20:57,576:
  building Attention_Decoder...
2017-10-26 15:20:58,070:
  Done
2017-10-26 15:21:27,746:
  building Inception_v3...
2017-10-26 15:21:28,320:
  Done.
2017-10-26 15:21:28,320:
  building Attention_Decoder...
2017-10-26 15:21:28,805:
  Done
2017-10-26 15:23:14,606:
  building Inception_v3...
2017-10-26 15:23:15,204:
  Done.
2017-10-26 15:23:15,204:
  building Attention_Decoder...
2017-10-26 15:23:15,685:
  Done
2017-10-26 15:24:00,011:
  building Inception_v3...
2017-10-26 15:24:00,612:
  Done.
2017-10-26 15:24:00,612:
  building Attention_Decoder...
2017-10-26 15:24:01,132:
  Done
2017-10-26 15:25:25,259:
  building Inception_v3...
2017-10-26 15:25:25,865:
  Done.
2017-10-26 15:25:25,866:
  building Attention_Decoder...
2017-10-26 15:25:26,277:
  Done
2017-10-26 15:26:05,814:
  building Inception_v3...
2017-10-26 15:26:06,387:
  Done.
2017-10-26 15:26:06,387:
  building Attention_Decoder...
2017-10-26 15:26:06,782:
  Done
2017-10-26 16:15:18,066:
  Base_norm
2017-10-26 16:15:18,081:
  Base_norm
2017-10-26 16:15:18,086:
  building Inception_v3...
2017-10-26 16:15:18,749:
  Done.
2017-10-26 16:15:18,749:
  building Attention_Decoder...
2017-10-26 16:15:19,110:
  Done
2017-10-26 16:15:19,311:
  building Inception_v3...
2017-10-26 16:15:19,580:
  Done.
2017-10-26 16:15:19,580:
  building Attention_Decoder...
2017-10-26 16:15:19,650:
  Done
2017-10-26 16:16:59,716:
  building Inception_v3...
2017-10-26 16:17:00,254:
  Done.
2017-10-26 16:17:00,254:
  building Attention_Decoder...
2017-10-26 16:17:00,684:
  Done
2017-10-26 16:17:56,242:
  building Inception_v3...
2017-10-26 16:17:56,774:
  Done.
2017-10-26 16:17:56,774:
  building Attention_Decoder...
2017-10-26 16:17:57,200:
  Done
2017-10-26 16:18:24,869:
  building Inception_v3...
2017-10-26 16:18:25,404:
  Done.
2017-10-26 16:18:25,404:
  building Attention_Decoder...
2017-10-26 16:18:25,836:
  Done
2017-10-26 16:18:59,203:
  building Inception_v3...
2017-10-26 16:18:59,748:
  Done.
2017-10-26 16:18:59,748:
  building Attention_Decoder...
2017-10-26 16:19:00,180:
  Done
2017-10-26 16:45:52,570:
  Base_norm
2017-10-26 16:45:52,585:
  Base_norm
2017-10-26 16:45:52,591:
  building Inception_v3...
2017-10-26 16:45:53,254:
  Done.
2017-10-26 16:45:53,255:
  building Attention_Decoder...
2017-10-26 16:46:05,586:
  Done
2017-10-26 16:46:05,785:
  building Inception_v3...
2017-10-26 16:46:06,057:
  Done.
2017-10-26 16:46:06,057:
  building Attention_Decoder...
2017-10-26 16:46:06,127:
  Done
2017-10-26 16:48:14,850:
  Base_norm
2017-10-26 16:48:14,865:
  Base_norm
2017-10-26 16:48:14,870:
  building Inception_v3...
2017-10-26 16:48:15,537:
  Done.
2017-10-26 16:48:15,538:
  building Attention_Decoder...
2017-10-26 16:48:28,140:
  Done
2017-10-26 16:48:28,340:
  building Inception_v3...
2017-10-26 16:48:28,611:
  Done.
2017-10-26 16:48:28,611:
  building Attention_Decoder...
2017-10-26 16:48:28,683:
  Done
2017-10-26 17:03:07,923:
  Base_norm
2017-10-26 17:03:07,938:
  Base_norm
2017-10-26 17:03:07,944:
  building Inception_v3...
2017-10-26 17:03:08,618:
  Done.
2017-10-26 17:03:08,618:
  building Attention_Decoder...
2017-10-26 17:03:20,708:
  Done
2017-10-26 17:03:20,907:
  building Inception_v3...
2017-10-26 17:03:21,185:
  Done.
2017-10-26 17:03:21,185:
  building Attention_Decoder...
2017-10-26 17:03:21,257:
  Done
2017-10-26 17:03:42,127:
  Base_norm
2017-10-26 17:03:42,142:
  Base_norm
2017-10-26 17:03:42,148:
  building Inception_v3...
2017-10-26 17:03:42,816:
  Done.
2017-10-26 17:03:42,817:
  building Attention_Decoder...
2017-10-26 17:03:54,742:
  Done
2017-10-26 17:03:54,936:
  building Inception_v3...
2017-10-26 17:03:55,203:
  Done.
2017-10-26 17:03:55,203:
  building Attention_Decoder...
2017-10-26 17:03:55,271:
  Done
2017-10-26 18:51:33,436:
  building Inception_v3...
2017-10-26 18:51:34,077:
  Done.
2017-10-26 18:51:34,077:
  building Attention_Decoder...
2017-10-26 18:51:46,161:
  Done
2017-10-26 18:53:03,879:
  building Inception_v3...
2017-10-26 18:53:04,413:
  Done.
2017-10-26 18:53:04,414:
  building Attention_Decoder...
2017-10-26 18:53:04,841:
  Done
